{"C:\\Users\\Ziga\\Desktop\\NUKI\\web-shop\\main\\web-shop\\server\\controllers\\cartController.js": {"path":"C:\\Users\\Ziga\\Desktop\\NUKI\\web-shop\\main\\web-shop\\server\\controllers\\cartController.js","statementMap":{"0":{"start":{"line":1,"column":17},"end":{"line":1,"column":46}},"1":{"start":{"line":3,"column":0},"end":{"line":13,"column":2}},"2":{"start":{"line":4,"column":4},"end":{"line":12,"column":5}},"3":{"start":{"line":5,"column":45},"end":{"line":5,"column":53}},"4":{"start":{"line":6,"column":23},"end":{"line":6,"column":34}},"5":{"start":{"line":8,"column":21},"end":{"line":8,"column":79}},"6":{"start":{"line":9,"column":8},"end":{"line":9,"column":23}},"7":{"start":{"line":11,"column":8},"end":{"line":11,"column":102}},"8":{"start":{"line":15,"column":0},"end":{"line":23,"column":2}},"9":{"start":{"line":16,"column":4},"end":{"line":22,"column":5}},"10":{"start":{"line":17,"column":23},"end":{"line":17,"column":34}},"11":{"start":{"line":18,"column":22},"end":{"line":18,"column":57}},"12":{"start":{"line":19,"column":8},"end":{"line":19,"column":24}},"13":{"start":{"line":21,"column":8},"end":{"line":21,"column":109}},"14":{"start":{"line":25,"column":0},"end":{"line":34,"column":2}},"15":{"start":{"line":26,"column":4},"end":{"line":33,"column":5}},"16":{"start":{"line":27,"column":23},"end":{"line":27,"column":34}},"17":{"start":{"line":28,"column":41},"end":{"line":28,"column":49}},"18":{"start":{"line":29,"column":21},"end":{"line":29,"column":80}},"19":{"start":{"line":30,"column":8},"end":{"line":30,"column":23}},"20":{"start":{"line":32,"column":8},"end":{"line":32,"column":106}},"21":{"start":{"line":36,"column":0},"end":{"line":45,"column":2}},"22":{"start":{"line":37,"column":4},"end":{"line":44,"column":5}},"23":{"start":{"line":38,"column":23},"end":{"line":38,"column":34}},"24":{"start":{"line":39,"column":31},"end":{"line":39,"column":39}},"25":{"start":{"line":40,"column":8},"end":{"line":40,"column":58}},"26":{"start":{"line":41,"column":8},"end":{"line":41,"column":70}},"27":{"start":{"line":43,"column":8},"end":{"line":43,"column":106}}},"fnMap":{"0":{"name":"(anonymous_0)","decl":{"start":{"line":3,"column":24},"end":{"line":3,"column":25}},"loc":{"start":{"line":3,"column":44},"end":{"line":13,"column":1}},"line":3},"1":{"name":"(anonymous_1)","decl":{"start":{"line":15,"column":23},"end":{"line":15,"column":24}},"loc":{"start":{"line":15,"column":43},"end":{"line":23,"column":1}},"line":15},"2":{"name":"(anonymous_2)","decl":{"start":{"line":25,"column":25},"end":{"line":25,"column":26}},"loc":{"start":{"line":25,"column":45},"end":{"line":34,"column":1}},"line":25},"3":{"name":"(anonymous_3)","decl":{"start":{"line":36,"column":25},"end":{"line":36,"column":26}},"loc":{"start":{"line":36,"column":45},"end":{"line":45,"column":1}},"line":36}},"branchMap":{"0":{"loc":{"start":{"line":5,"column":28},"end":{"line":5,"column":40}},"type":"default-arg","locations":[{"start":{"line":5,"column":39},"end":{"line":5,"column":40}}],"line":5},"1":{"loc":{"start":{"line":11,"column":40},"end":{"line":11,"column":98}},"type":"binary-expr","locations":[{"start":{"line":11,"column":40},"end":{"line":11,"column":51}},{"start":{"line":11,"column":55},"end":{"line":11,"column":98}}],"line":11},"2":{"loc":{"start":{"line":21,"column":40},"end":{"line":21,"column":105}},"type":"binary-expr","locations":[{"start":{"line":21,"column":40},"end":{"line":21,"column":51}},{"start":{"line":21,"column":55},"end":{"line":21,"column":105}}],"line":21},"3":{"loc":{"start":{"line":32,"column":40},"end":{"line":32,"column":102}},"type":"binary-expr","locations":[{"start":{"line":32,"column":40},"end":{"line":32,"column":51}},{"start":{"line":32,"column":55},"end":{"line":32,"column":102}}],"line":32},"4":{"loc":{"start":{"line":43,"column":40},"end":{"line":43,"column":102}},"type":"binary-expr","locations":[{"start":{"line":43,"column":40},"end":{"line":43,"column":51}},{"start":{"line":43,"column":55},"end":{"line":43,"column":102}}],"line":43}},"s":{"0":2,"1":2,"2":4,"3":4,"4":4,"5":4,"6":2,"7":2,"8":2,"9":4,"10":4,"11":4,"12":2,"13":2,"14":2,"15":4,"16":4,"17":4,"18":4,"19":2,"20":2,"21":2,"22":5,"23":5,"24":5,"25":5,"26":2,"27":3},"f":{"0":4,"1":4,"2":4,"3":5},"b":{"0":[0],"1":[2,0],"2":[2,0],"3":[2,0],"4":[3,0]},"_coverageSchema":"1a1c01bbd47fc00a2c39e90264f33305004495a9","hash":"3dfdcfe8227ebd53907c15d6e5277d5319992e25"}
,"C:\\Users\\Ziga\\Desktop\\NUKI\\web-shop\\main\\web-shop\\server\\controllers\\productController.js": {"path":"C:\\Users\\Ziga\\Desktop\\NUKI\\web-shop\\main\\web-shop\\server\\controllers\\productController.js","statementMap":{"0":{"start":{"line":1,"column":16},"end":{"line":1,"column":44}},"1":{"start":{"line":3,"column":0},"end":{"line":12,"column":2}},"2":{"start":{"line":4,"column":4},"end":{"line":11,"column":5}},"3":{"start":{"line":5,"column":25},"end":{"line":5,"column":48}},"4":{"start":{"line":6,"column":8},"end":{"line":6,"column":27}},"5":{"start":{"line":8,"column":8},"end":{"line":10,"column":11}},"6":{"start":{"line":14,"column":0},"end":{"line":24,"column":2}},"7":{"start":{"line":15,"column":4},"end":{"line":23,"column":5}},"8":{"start":{"line":16,"column":24},"end":{"line":16,"column":61}},"9":{"start":{"line":17,"column":8},"end":{"line":18,"column":31}},"10":{"start":{"line":17,"column":22},"end":{"line":17,"column":77}},"11":{"start":{"line":18,"column":13},"end":{"line":18,"column":31}},"12":{"start":{"line":20,"column":8},"end":{"line":22,"column":11}},"13":{"start":{"line":26,"column":0},"end":{"line":35,"column":2}},"14":{"start":{"line":27,"column":4},"end":{"line":34,"column":5}},"15":{"start":{"line":28,"column":24},"end":{"line":28,"column":54}},"16":{"start":{"line":29,"column":8},"end":{"line":29,"column":26}},"17":{"start":{"line":31,"column":8},"end":{"line":33,"column":11}},"18":{"start":{"line":37,"column":0},"end":{"line":55,"column":2}},"19":{"start":{"line":38,"column":41},"end":{"line":38,"column":49}},"20":{"start":{"line":40,"column":4},"end":{"line":42,"column":5}},"21":{"start":{"line":41,"column":8},"end":{"line":41,"column":78}},"22":{"start":{"line":44,"column":4},"end":{"line":54,"column":5}},"23":{"start":{"line":45,"column":8},"end":{"line":45,"column":78}},"24":{"start":{"line":46,"column":31},"end":{"line":46,"column":68}},"25":{"start":{"line":47,"column":8},"end":{"line":47,"column":33}},"26":{"start":{"line":49,"column":8},"end":{"line":53,"column":9}},"27":{"start":{"line":50,"column":12},"end":{"line":50,"column":93}},"28":{"start":{"line":52,"column":12},"end":{"line":52,"column":112}},"29":{"start":{"line":57,"column":0},"end":{"line":66,"column":2}},"30":{"start":{"line":58,"column":4},"end":{"line":65,"column":5}},"31":{"start":{"line":59,"column":8},"end":{"line":59,"column":44}},"32":{"start":{"line":60,"column":8},"end":{"line":60,"column":67}},"33":{"start":{"line":62,"column":8},"end":{"line":64,"column":11}}},"fnMap":{"0":{"name":"(anonymous_0)","decl":{"start":{"line":3,"column":25},"end":{"line":3,"column":26}},"loc":{"start":{"line":3,"column":45},"end":{"line":12,"column":1}},"line":3},"1":{"name":"(anonymous_1)","decl":{"start":{"line":14,"column":25},"end":{"line":14,"column":26}},"loc":{"start":{"line":14,"column":45},"end":{"line":24,"column":1}},"line":14},"2":{"name":"(anonymous_2)","decl":{"start":{"line":26,"column":24},"end":{"line":26,"column":25}},"loc":{"start":{"line":26,"column":44},"end":{"line":35,"column":1}},"line":26},"3":{"name":"(anonymous_3)","decl":{"start":{"line":37,"column":24},"end":{"line":37,"column":25}},"loc":{"start":{"line":37,"column":44},"end":{"line":55,"column":1}},"line":37},"4":{"name":"(anonymous_4)","decl":{"start":{"line":57,"column":24},"end":{"line":57,"column":25}},"loc":{"start":{"line":57,"column":44},"end":{"line":66,"column":1}},"line":57}},"branchMap":{"0":{"loc":{"start":{"line":9,"column":21},"end":{"line":9,"column":84}},"type":"binary-expr","locations":[{"start":{"line":9,"column":21},"end":{"line":9,"column":32}},{"start":{"line":9,"column":36},"end":{"line":9,"column":84}}],"line":9},"1":{"loc":{"start":{"line":17,"column":8},"end":{"line":18,"column":31}},"type":"if","locations":[{"start":{"line":17,"column":8},"end":{"line":18,"column":31}},{"start":{"line":18,"column":13},"end":{"line":18,"column":31}}],"line":17},"2":{"loc":{"start":{"line":32,"column":21},"end":{"line":32,"column":85}},"type":"binary-expr","locations":[{"start":{"line":32,"column":21},"end":{"line":32,"column":32}},{"start":{"line":32,"column":36},"end":{"line":32,"column":85}}],"line":32},"3":{"loc":{"start":{"line":40,"column":4},"end":{"line":42,"column":5}},"type":"if","locations":[{"start":{"line":40,"column":4},"end":{"line":42,"column":5}},{"start":{},"end":{}}],"line":40},"4":{"loc":{"start":{"line":40,"column":8},"end":{"line":40,"column":61}},"type":"binary-expr","locations":[{"start":{"line":40,"column":8},"end":{"line":40,"column":13}},{"start":{"line":40,"column":17},"end":{"line":40,"column":23}},{"start":{"line":40,"column":27},"end":{"line":40,"column":61}}],"line":40},"5":{"loc":{"start":{"line":49,"column":8},"end":{"line":53,"column":9}},"type":"if","locations":[{"start":{"line":49,"column":8},"end":{"line":53,"column":9}},{"start":{"line":51,"column":15},"end":{"line":53,"column":9}}],"line":49},"6":{"loc":{"start":{"line":52,"column":44},"end":{"line":52,"column":108}},"type":"binary-expr","locations":[{"start":{"line":52,"column":44},"end":{"line":52,"column":57}},{"start":{"line":52,"column":61},"end":{"line":52,"column":108}}],"line":52}},"s":{"0":2,"1":2,"2":2,"3":2,"4":1,"5":1,"6":2,"7":3,"8":3,"9":2,"10":1,"11":1,"12":1,"13":2,"14":2,"15":2,"16":1,"17":1,"18":2,"19":3,"20":3,"21":1,"22":2,"23":2,"24":1,"25":1,"26":1,"27":1,"28":0,"29":2,"30":2,"31":2,"32":1,"33":1},"f":{"0":2,"1":3,"2":2,"3":3,"4":2},"b":{"0":[1,0],"1":[1,1],"2":[1,0],"3":[1,2],"4":[3,2,2],"5":[1,0],"6":[0,0]},"_coverageSchema":"1a1c01bbd47fc00a2c39e90264f33305004495a9","hash":"b87849106eacd65c0d015301b64f7e77c2e1e565"}
,"C:\\Users\\Ziga\\Desktop\\NUKI\\web-shop\\main\\web-shop\\server\\controllers\\userController.js": {"path":"C:\\Users\\Ziga\\Desktop\\NUKI\\web-shop\\main\\web-shop\\server\\controllers\\userController.js","statementMap":{"0":{"start":{"line":1,"column":13},"end":{"line":1,"column":38}},"1":{"start":{"line":2,"column":25},"end":{"line":2,"column":59}},"2":{"start":{"line":4,"column":0},"end":{"line":13,"column":2}},"3":{"start":{"line":5,"column":4},"end":{"line":12,"column":5}},"4":{"start":{"line":6,"column":22},"end":{"line":6,"column":42}},"5":{"start":{"line":7,"column":8},"end":{"line":7,"column":24}},"6":{"start":{"line":9,"column":8},"end":{"line":11,"column":11}},"7":{"start":{"line":15,"column":0},"end":{"line":25,"column":2}},"8":{"start":{"line":16,"column":4},"end":{"line":24,"column":5}},"9":{"start":{"line":17,"column":21},"end":{"line":17,"column":55}},"10":{"start":{"line":18,"column":8},"end":{"line":19,"column":28}},"11":{"start":{"line":18,"column":19},"end":{"line":18,"column":71}},"12":{"start":{"line":19,"column":13},"end":{"line":19,"column":28}},"13":{"start":{"line":21,"column":8},"end":{"line":23,"column":11}},"14":{"start":{"line":27,"column":0},"end":{"line":39,"column":2}},"15":{"start":{"line":28,"column":4},"end":{"line":38,"column":5}},"16":{"start":{"line":29,"column":21},"end":{"line":29,"column":53}},"17":{"start":{"line":30,"column":8},"end":{"line":33,"column":28}},"18":{"start":{"line":31,"column":12},"end":{"line":31,"column":71}},"19":{"start":{"line":33,"column":13},"end":{"line":33,"column":28}},"20":{"start":{"line":35,"column":8},"end":{"line":37,"column":11}},"21":{"start":{"line":41,"column":0},"end":{"line":54,"column":2}},"22":{"start":{"line":42,"column":4},"end":{"line":44,"column":5}},"23":{"start":{"line":43,"column":8},"end":{"line":43,"column":73}},"24":{"start":{"line":46,"column":4},"end":{"line":53,"column":5}},"25":{"start":{"line":47,"column":21},"end":{"line":47,"column":48}},"26":{"start":{"line":48,"column":8},"end":{"line":48,"column":23}},"27":{"start":{"line":50,"column":8},"end":{"line":52,"column":11}},"28":{"start":{"line":76,"column":0},"end":{"line":97,"column":2}},"29":{"start":{"line":77,"column":4},"end":{"line":79,"column":5}},"30":{"start":{"line":78,"column":8},"end":{"line":78,"column":80}},"31":{"start":{"line":81,"column":4},"end":{"line":83,"column":5}},"32":{"start":{"line":82,"column":8},"end":{"line":82,"column":73}},"33":{"start":{"line":85,"column":4},"end":{"line":96,"column":5}},"34":{"start":{"line":86,"column":8},"end":{"line":86,"column":55}},"35":{"start":{"line":87,"column":28},"end":{"line":87,"column":62}},"36":{"start":{"line":88,"column":8},"end":{"line":88,"column":30}},"37":{"start":{"line":90,"column":8},"end":{"line":94,"column":9}},"38":{"start":{"line":91,"column":12},"end":{"line":91,"column":90}},"39":{"start":{"line":93,"column":12},"end":{"line":93,"column":109}},"40":{"start":{"line":99,"column":0},"end":{"line":118,"column":2}},"41":{"start":{"line":100,"column":21},"end":{"line":100,"column":29}},"42":{"start":{"line":101,"column":4},"end":{"line":103,"column":5}},"43":{"start":{"line":102,"column":8},"end":{"line":102,"column":69}},"44":{"start":{"line":105,"column":4},"end":{"line":117,"column":5}},"45":{"start":{"line":106,"column":8},"end":{"line":106,"column":49}},"46":{"start":{"line":107,"column":28},"end":{"line":107,"column":68}},"47":{"start":{"line":109,"column":8},"end":{"line":109,"column":30}},"48":{"start":{"line":111,"column":8},"end":{"line":115,"column":9}},"49":{"start":{"line":112,"column":12},"end":{"line":112,"column":90}},"50":{"start":{"line":114,"column":12},"end":{"line":114,"column":95}},"51":{"start":{"line":122,"column":0},"end":{"line":131,"column":2}},"52":{"start":{"line":123,"column":4},"end":{"line":130,"column":5}},"53":{"start":{"line":124,"column":8},"end":{"line":124,"column":41}},"54":{"start":{"line":125,"column":8},"end":{"line":125,"column":64}},"55":{"start":{"line":127,"column":8},"end":{"line":129,"column":11}},"56":{"start":{"line":133,"column":0},"end":{"line":142,"column":2}},"57":{"start":{"line":134,"column":4},"end":{"line":141,"column":5}},"58":{"start":{"line":135,"column":8},"end":{"line":135,"column":39}},"59":{"start":{"line":136,"column":8},"end":{"line":136,"column":64}},"60":{"start":{"line":138,"column":8},"end":{"line":140,"column":11}}},"fnMap":{"0":{"name":"(anonymous_0)","decl":{"start":{"line":4,"column":22},"end":{"line":4,"column":23}},"loc":{"start":{"line":4,"column":42},"end":{"line":13,"column":1}},"line":4},"1":{"name":"(anonymous_1)","decl":{"start":{"line":15,"column":22},"end":{"line":15,"column":23}},"loc":{"start":{"line":15,"column":42},"end":{"line":25,"column":1}},"line":15},"2":{"name":"(anonymous_2)","decl":{"start":{"line":27,"column":21},"end":{"line":27,"column":22}},"loc":{"start":{"line":27,"column":41},"end":{"line":39,"column":1}},"line":27},"3":{"name":"(anonymous_3)","decl":{"start":{"line":41,"column":21},"end":{"line":41,"column":22}},"loc":{"start":{"line":41,"column":41},"end":{"line":54,"column":1}},"line":41},"4":{"name":"(anonymous_4)","decl":{"start":{"line":76,"column":21},"end":{"line":76,"column":22}},"loc":{"start":{"line":76,"column":41},"end":{"line":97,"column":1}},"line":76},"5":{"name":"(anonymous_5)","decl":{"start":{"line":99,"column":24},"end":{"line":99,"column":25}},"loc":{"start":{"line":99,"column":44},"end":{"line":118,"column":1}},"line":99},"6":{"name":"(anonymous_6)","decl":{"start":{"line":122,"column":21},"end":{"line":122,"column":22}},"loc":{"start":{"line":122,"column":41},"end":{"line":131,"column":1}},"line":122},"7":{"name":"(anonymous_7)","decl":{"start":{"line":133,"column":24},"end":{"line":133,"column":25}},"loc":{"start":{"line":133,"column":44},"end":{"line":142,"column":1}},"line":133}},"branchMap":{"0":{"loc":{"start":{"line":10,"column":21},"end":{"line":10,"column":81}},"type":"binary-expr","locations":[{"start":{"line":10,"column":21},"end":{"line":10,"column":32}},{"start":{"line":10,"column":36},"end":{"line":10,"column":81}}],"line":10},"1":{"loc":{"start":{"line":18,"column":8},"end":{"line":19,"column":28}},"type":"if","locations":[{"start":{"line":18,"column":8},"end":{"line":19,"column":28}},{"start":{"line":19,"column":13},"end":{"line":19,"column":28}}],"line":18},"2":{"loc":{"start":{"line":30,"column":8},"end":{"line":33,"column":28}},"type":"if","locations":[{"start":{"line":30,"column":8},"end":{"line":33,"column":28}},{"start":{"line":33,"column":13},"end":{"line":33,"column":28}}],"line":30},"3":{"loc":{"start":{"line":42,"column":4},"end":{"line":44,"column":5}},"type":"if","locations":[{"start":{"line":42,"column":4},"end":{"line":44,"column":5}},{"start":{},"end":{}}],"line":42},"4":{"loc":{"start":{"line":51,"column":21},"end":{"line":51,"column":82}},"type":"binary-expr","locations":[{"start":{"line":51,"column":21},"end":{"line":51,"column":32}},{"start":{"line":51,"column":36},"end":{"line":51,"column":82}}],"line":51},"5":{"loc":{"start":{"line":77,"column":4},"end":{"line":79,"column":5}},"type":"if","locations":[{"start":{"line":77,"column":4},"end":{"line":79,"column":5}},{"start":{},"end":{}}],"line":77},"6":{"loc":{"start":{"line":77,"column":8},"end":{"line":77,"column":41}},"type":"binary-expr","locations":[{"start":{"line":77,"column":8},"end":{"line":77,"column":22}},{"start":{"line":77,"column":26},"end":{"line":77,"column":41}}],"line":77},"7":{"loc":{"start":{"line":81,"column":4},"end":{"line":83,"column":5}},"type":"if","locations":[{"start":{"line":81,"column":4},"end":{"line":83,"column":5}},{"start":{},"end":{}}],"line":81},"8":{"loc":{"start":{"line":90,"column":8},"end":{"line":94,"column":9}},"type":"if","locations":[{"start":{"line":90,"column":8},"end":{"line":94,"column":9}},{"start":{"line":92,"column":15},"end":{"line":94,"column":9}}],"line":90},"9":{"loc":{"start":{"line":93,"column":44},"end":{"line":93,"column":105}},"type":"binary-expr","locations":[{"start":{"line":93,"column":44},"end":{"line":93,"column":57}},{"start":{"line":93,"column":61},"end":{"line":93,"column":105}}],"line":93},"10":{"loc":{"start":{"line":101,"column":4},"end":{"line":103,"column":5}},"type":"if","locations":[{"start":{"line":101,"column":4},"end":{"line":103,"column":5}},{"start":{},"end":{}}],"line":101},"11":{"loc":{"start":{"line":111,"column":8},"end":{"line":115,"column":9}},"type":"if","locations":[{"start":{"line":111,"column":8},"end":{"line":115,"column":9}},{"start":{"line":113,"column":15},"end":{"line":115,"column":9}}],"line":111}},"s":{"0":2,"1":2,"2":2,"3":2,"4":2,"5":1,"6":1,"7":2,"8":4,"9":4,"10":3,"11":1,"12":2,"13":1,"14":2,"15":3,"16":3,"17":2,"18":1,"19":1,"20":1,"21":2,"22":2,"23":0,"24":2,"25":2,"26":1,"27":1,"28":2,"29":4,"30":1,"31":3,"32":0,"33":3,"34":3,"35":2,"36":2,"37":1,"38":1,"39":0,"40":2,"41":3,"42":3,"43":1,"44":2,"45":2,"46":1,"47":1,"48":1,"49":0,"50":1,"51":2,"52":2,"53":2,"54":1,"55":1,"56":2,"57":2,"58":2,"59":1,"60":1},"f":{"0":2,"1":4,"2":3,"3":2,"4":4,"5":3,"6":2,"7":2},"b":{"0":[1,0],"1":[1,2],"2":[1,1],"3":[0,2],"4":[1,0],"5":[1,3],"6":[4,3],"7":[0,3],"8":[1,0],"9":[0,0],"10":[1,2],"11":[0,1]},"_coverageSchema":"1a1c01bbd47fc00a2c39e90264f33305004495a9","hash":"4c459f6ebbd4626065d4b5b39432bdc8cee34e98"}
,"C:\\Users\\Ziga\\Desktop\\NUKI\\web-shop\\main\\web-shop\\server\\middleware\\requireAdmin.js": {"path":"C:\\Users\\Ziga\\Desktop\\NUKI\\web-shop\\main\\web-shop\\server\\middleware\\requireAdmin.js","statementMap":{"0":{"start":{"line":1,"column":12},"end":{"line":1,"column":35}},"1":{"start":{"line":2,"column":23},"end":{"line":2,"column":34}},"2":{"start":{"line":3,"column":13},"end":{"line":3,"column":38}},"3":{"start":{"line":5,"column":21},"end":{"line":22,"column":1}},"4":{"start":{"line":6,"column":30},"end":{"line":6,"column":41}},"5":{"start":{"line":7,"column":4},"end":{"line":9,"column":5}},"6":{"start":{"line":8,"column":8},"end":{"line":8,"column":73}},"7":{"start":{"line":10,"column":18},"end":{"line":10,"column":54}},"8":{"start":{"line":11,"column":4},"end":{"line":21,"column":5}},"9":{"start":{"line":12,"column":24},"end":{"line":12,"column":53}},"10":{"start":{"line":13,"column":26},"end":{"line":13,"column":50}},"11":{"start":{"line":14,"column":8},"end":{"line":16,"column":9}},"12":{"start":{"line":15,"column":12},"end":{"line":15,"column":82}},"13":{"start":{"line":17,"column":8},"end":{"line":17,"column":29}},"14":{"start":{"line":18,"column":8},"end":{"line":18,"column":15}},"15":{"start":{"line":20,"column":8},"end":{"line":20,"column":73}},"16":{"start":{"line":24,"column":0},"end":{"line":24,"column":30}}},"fnMap":{"0":{"name":"(anonymous_0)","decl":{"start":{"line":5,"column":21},"end":{"line":5,"column":22}},"loc":{"start":{"line":5,"column":47},"end":{"line":22,"column":1}},"line":5}},"branchMap":{"0":{"loc":{"start":{"line":7,"column":4},"end":{"line":9,"column":5}},"type":"if","locations":[{"start":{"line":7,"column":4},"end":{"line":9,"column":5}},{"start":{},"end":{}}],"line":7},"1":{"loc":{"start":{"line":14,"column":8},"end":{"line":16,"column":9}},"type":"if","locations":[{"start":{"line":14,"column":8},"end":{"line":16,"column":9}},{"start":{},"end":{}}],"line":14},"2":{"loc":{"start":{"line":14,"column":12},"end":{"line":14,"column":44}},"type":"binary-expr","locations":[{"start":{"line":14,"column":12},"end":{"line":14,"column":22}},{"start":{"line":14,"column":26},"end":{"line":14,"column":44}}],"line":14}},"s":{"0":1,"1":1,"2":1,"3":1,"4":3,"5":3,"6":1,"7":2,"8":2,"9":2,"10":2,"11":2,"12":1,"13":1,"14":1,"15":0,"16":1},"f":{"0":3},"b":{"0":[1,2],"1":[1,1],"2":[2,2]},"_coverageSchema":"1a1c01bbd47fc00a2c39e90264f33305004495a9","hash":"ce1ee563b6c1a69675f2ac6254a3a31df00495ae"}
,"C:\\Users\\Ziga\\Desktop\\NUKI\\web-shop\\main\\web-shop\\server\\middleware\\requireLogin.js": {"path":"C:\\Users\\Ziga\\Desktop\\NUKI\\web-shop\\main\\web-shop\\server\\middleware\\requireLogin.js","statementMap":{"0":{"start":{"line":1,"column":12},"end":{"line":1,"column":35}},"1":{"start":{"line":2,"column":23},"end":{"line":2,"column":34}},"2":{"start":{"line":3,"column":13},"end":{"line":3,"column":38}},"3":{"start":{"line":5,"column":21},"end":{"line":23,"column":1}},"4":{"start":{"line":6,"column":30},"end":{"line":6,"column":41}},"5":{"start":{"line":7,"column":4},"end":{"line":9,"column":5}},"6":{"start":{"line":8,"column":8},"end":{"line":8,"column":73}},"7":{"start":{"line":11,"column":18},"end":{"line":11,"column":54}},"8":{"start":{"line":12,"column":4},"end":{"line":22,"column":5}},"9":{"start":{"line":13,"column":24},"end":{"line":13,"column":53}},"10":{"start":{"line":14,"column":21},"end":{"line":14,"column":53}},"11":{"start":{"line":15,"column":8},"end":{"line":17,"column":9}},"12":{"start":{"line":16,"column":12},"end":{"line":16,"column":70}},"13":{"start":{"line":18,"column":8},"end":{"line":18,"column":24}},"14":{"start":{"line":19,"column":8},"end":{"line":19,"column":15}},"15":{"start":{"line":21,"column":8},"end":{"line":21,"column":90}},"16":{"start":{"line":25,"column":0},"end":{"line":25,"column":30}}},"fnMap":{"0":{"name":"(anonymous_0)","decl":{"start":{"line":5,"column":21},"end":{"line":5,"column":22}},"loc":{"start":{"line":5,"column":47},"end":{"line":23,"column":1}},"line":5}},"branchMap":{"0":{"loc":{"start":{"line":7,"column":4},"end":{"line":9,"column":5}},"type":"if","locations":[{"start":{"line":7,"column":4},"end":{"line":9,"column":5}},{"start":{},"end":{}}],"line":7},"1":{"loc":{"start":{"line":15,"column":8},"end":{"line":17,"column":9}},"type":"if","locations":[{"start":{"line":15,"column":8},"end":{"line":17,"column":9}},{"start":{},"end":{}}],"line":15}},"s":{"0":1,"1":1,"2":1,"3":1,"4":4,"5":4,"6":1,"7":3,"8":3,"9":3,"10":2,"11":2,"12":1,"13":1,"14":1,"15":1,"16":1},"f":{"0":4},"b":{"0":[1,3],"1":[1,1]},"_coverageSchema":"1a1c01bbd47fc00a2c39e90264f33305004495a9","hash":"e630b42166ebe48ca6ff61a52a2a83c2424d9749"}
,"C:\\Users\\Ziga\\Desktop\\NUKI\\web-shop\\main\\web-shop\\server\\models\\CartItem.js": {"path":"C:\\Users\\Ziga\\Desktop\\NUKI\\web-shop\\main\\web-shop\\server\\models\\CartItem.js","statementMap":{"0":{"start":{"line":1,"column":11},"end":{"line":1,"column":27}},"1":{"start":{"line":5,"column":27},"end":{"line":5,"column":128}},"2":{"start":{"line":6,"column":8},"end":{"line":13,"column":9}},"3":{"start":{"line":7,"column":32},"end":{"line":7,"column":63}},"4":{"start":{"line":8,"column":12},"end":{"line":8,"column":137}},"5":{"start":{"line":9,"column":12},"end":{"line":9,"column":65}},"6":{"start":{"line":11,"column":12},"end":{"line":11,"column":134}},"7":{"start":{"line":12,"column":12},"end":{"line":12,"column":52}},"8":{"start":{"line":17,"column":22},"end":{"line":22,"column":9}},"9":{"start":{"line":24,"column":24},"end":{"line":24,"column":55}},"10":{"start":{"line":25,"column":8},"end":{"line":25,"column":21}},"11":{"start":{"line":29,"column":8},"end":{"line":29,"column":130}},"12":{"start":{"line":30,"column":8},"end":{"line":30,"column":48}},"13":{"start":{"line":34,"column":22},"end":{"line":34,"column":121}},"14":{"start":{"line":35,"column":8},"end":{"line":37,"column":9}},"15":{"start":{"line":36,"column":12},"end":{"line":36,"column":46}},"16":{"start":{"line":42,"column":0},"end":{"line":42,"column":26}}},"fnMap":{"0":{"name":"(anonymous_0)","decl":{"start":{"line":4,"column":4},"end":{"line":4,"column":5}},"loc":{"start":{"line":4,"column":65},"end":{"line":14,"column":5}},"line":4},"1":{"name":"(anonymous_1)","decl":{"start":{"line":16,"column":4},"end":{"line":16,"column":5}},"loc":{"start":{"line":16,"column":38},"end":{"line":26,"column":5}},"line":16},"2":{"name":"(anonymous_2)","decl":{"start":{"line":28,"column":4},"end":{"line":28,"column":5}},"loc":{"start":{"line":28,"column":62},"end":{"line":31,"column":5}},"line":28},"3":{"name":"(anonymous_3)","decl":{"start":{"line":33,"column":4},"end":{"line":33,"column":5}},"loc":{"start":{"line":33,"column":52},"end":{"line":38,"column":5}},"line":33}},"branchMap":{"0":{"loc":{"start":{"line":4,"column":49},"end":{"line":4,"column":61}},"type":"default-arg","locations":[{"start":{"line":4,"column":60},"end":{"line":4,"column":61}}],"line":4},"1":{"loc":{"start":{"line":6,"column":8},"end":{"line":13,"column":9}},"type":"if","locations":[{"start":{"line":6,"column":8},"end":{"line":13,"column":9}},{"start":{"line":10,"column":15},"end":{"line":13,"column":9}}],"line":6},"2":{"loc":{"start":{"line":35,"column":8},"end":{"line":37,"column":9}},"type":"if","locations":[{"start":{"line":35,"column":8},"end":{"line":37,"column":9}},{"start":{},"end":{}}],"line":35}},"s":{"0":3,"1":2,"2":2,"3":1,"4":1,"5":1,"6":1,"7":1,"8":1,"9":1,"10":1,"11":1,"12":1,"13":2,"14":2,"15":1,"16":3},"f":{"0":2,"1":1,"2":1,"3":2},"b":{"0":[0],"1":[1,1],"2":[1,1]},"_coverageSchema":"1a1c01bbd47fc00a2c39e90264f33305004495a9","hash":"b73cca186ad626c26a60bff8dd9bc691ee6c4a48"}
,"C:\\Users\\Ziga\\Desktop\\NUKI\\web-shop\\main\\web-shop\\server\\models\\Product.js": {"path":"C:\\Users\\Ziga\\Desktop\\NUKI\\web-shop\\main\\web-shop\\server\\models\\Product.js","statementMap":{"0":{"start":{"line":1,"column":11},"end":{"line":1,"column":27}},"1":{"start":{"line":5,"column":22},"end":{"line":5,"column":80}},"2":{"start":{"line":6,"column":8},"end":{"line":6,"column":51}},"3":{"start":{"line":10,"column":23},"end":{"line":10,"column":90}},"4":{"start":{"line":11,"column":8},"end":{"line":11,"column":44}},"5":{"start":{"line":15,"column":23},"end":{"line":15,"column":63}},"6":{"start":{"line":16,"column":8},"end":{"line":16,"column":20}},"7":{"start":{"line":20,"column":8},"end":{"line":20,"column":154}},"8":{"start":{"line":21,"column":8},"end":{"line":21,"column":33}},"9":{"start":{"line":25,"column":22},"end":{"line":25,"column":79}},"10":{"start":{"line":26,"column":8},"end":{"line":28,"column":9}},"11":{"start":{"line":27,"column":12},"end":{"line":27,"column":49}},"12":{"start":{"line":32,"column":0},"end":{"line":32,"column":25}}},"fnMap":{"0":{"name":"(anonymous_0)","decl":{"start":{"line":4,"column":4},"end":{"line":4,"column":5}},"loc":{"start":{"line":4,"column":36},"end":{"line":7,"column":5}},"line":4},"1":{"name":"(anonymous_1)","decl":{"start":{"line":9,"column":4},"end":{"line":9,"column":5}},"loc":{"start":{"line":9,"column":38},"end":{"line":12,"column":5}},"line":9},"2":{"name":"(anonymous_2)","decl":{"start":{"line":14,"column":4},"end":{"line":14,"column":5}},"loc":{"start":{"line":14,"column":27},"end":{"line":17,"column":5}},"line":14},"3":{"name":"(anonymous_3)","decl":{"start":{"line":19,"column":4},"end":{"line":19,"column":5}},"loc":{"start":{"line":19,"column":73},"end":{"line":22,"column":5}},"line":19},"4":{"name":"(anonymous_4)","decl":{"start":{"line":24,"column":4},"end":{"line":24,"column":5}},"loc":{"start":{"line":24,"column":28},"end":{"line":29,"column":5}},"line":24}},"branchMap":{"0":{"loc":{"start":{"line":11,"column":15},"end":{"line":11,"column":43}},"type":"cond-expr","locations":[{"start":{"line":11,"column":29},"end":{"line":11,"column":36}},{"start":{"line":11,"column":39},"end":{"line":11,"column":43}}],"line":11},"1":{"loc":{"start":{"line":26,"column":8},"end":{"line":28,"column":9}},"type":"if","locations":[{"start":{"line":26,"column":8},"end":{"line":28,"column":9}},{"start":{},"end":{}}],"line":26}},"s":{"0":3,"1":2,"2":1,"3":3,"4":2,"5":2,"6":1,"7":2,"8":1,"9":2,"10":1,"11":0,"12":3},"f":{"0":2,"1":3,"2":2,"3":2,"4":2},"b":{"0":[2,0],"1":[0,1]},"_coverageSchema":"1a1c01bbd47fc00a2c39e90264f33305004495a9","hash":"68ad91a6beccda666fae78bcb7fa3fed2b6ada76"}
,"C:\\Users\\Ziga\\Desktop\\NUKI\\web-shop\\main\\web-shop\\server\\models\\User.js": {"path":"C:\\Users\\Ziga\\Desktop\\NUKI\\web-shop\\main\\web-shop\\server\\models\\User.js","statementMap":{"0":{"start":{"line":1,"column":11},"end":{"line":1,"column":27}},"1":{"start":{"line":5,"column":22},"end":{"line":5,"column":74}},"2":{"start":{"line":6,"column":8},"end":{"line":6,"column":48}},"3":{"start":{"line":10,"column":23},"end":{"line":10,"column":83}},"4":{"start":{"line":11,"column":8},"end":{"line":11,"column":44}},"5":{"start":{"line":15,"column":23},"end":{"line":15,"column":85}},"6":{"start":{"line":16,"column":8},"end":{"line":16,"column":44}},"7":{"start":{"line":20,"column":23},"end":{"line":20,"column":60}},"8":{"start":{"line":21,"column":8},"end":{"line":21,"column":20}},"9":{"start":{"line":25,"column":8},"end":{"line":25,"column":119}},"10":{"start":{"line":26,"column":8},"end":{"line":26,"column":33}},"11":{"start":{"line":30,"column":8},"end":{"line":30,"column":80}},"12":{"start":{"line":31,"column":8},"end":{"line":31,"column":33}},"13":{"start":{"line":35,"column":22},"end":{"line":35,"column":76}},"14":{"start":{"line":36,"column":8},"end":{"line":38,"column":9}},"15":{"start":{"line":37,"column":12},"end":{"line":37,"column":46}},"16":{"start":{"line":42,"column":0},"end":{"line":42,"column":22}}},"fnMap":{"0":{"name":"(anonymous_0)","decl":{"start":{"line":4,"column":4},"end":{"line":4,"column":5}},"loc":{"start":{"line":4,"column":33},"end":{"line":7,"column":5}},"line":4},"1":{"name":"(anonymous_1)","decl":{"start":{"line":9,"column":4},"end":{"line":9,"column":5}},"loc":{"start":{"line":9,"column":34},"end":{"line":12,"column":5}},"line":9},"2":{"name":"(anonymous_2)","decl":{"start":{"line":14,"column":4},"end":{"line":14,"column":5}},"loc":{"start":{"line":14,"column":36},"end":{"line":17,"column":5}},"line":14},"3":{"name":"(anonymous_3)","decl":{"start":{"line":19,"column":4},"end":{"line":19,"column":5}},"loc":{"start":{"line":19,"column":27},"end":{"line":22,"column":5}},"line":19},"4":{"name":"(anonymous_4)","decl":{"start":{"line":24,"column":4},"end":{"line":24,"column":5}},"loc":{"start":{"line":24,"column":59},"end":{"line":27,"column":5}},"line":24},"5":{"name":"(anonymous_5)","decl":{"start":{"line":29,"column":4},"end":{"line":29,"column":5}},"loc":{"start":{"line":29,"column":41},"end":{"line":32,"column":5}},"line":29},"6":{"name":"(anonymous_6)","decl":{"start":{"line":34,"column":4},"end":{"line":34,"column":5}},"loc":{"start":{"line":34,"column":28},"end":{"line":39,"column":5}},"line":34}},"branchMap":{"0":{"loc":{"start":{"line":11,"column":15},"end":{"line":11,"column":43}},"type":"cond-expr","locations":[{"start":{"line":11,"column":29},"end":{"line":11,"column":36}},{"start":{"line":11,"column":39},"end":{"line":11,"column":43}}],"line":11},"1":{"loc":{"start":{"line":16,"column":15},"end":{"line":16,"column":43}},"type":"cond-expr","locations":[{"start":{"line":16,"column":29},"end":{"line":16,"column":36}},{"start":{"line":16,"column":39},"end":{"line":16,"column":43}}],"line":16},"2":{"loc":{"start":{"line":36,"column":8},"end":{"line":38,"column":9}},"type":"if","locations":[{"start":{"line":36,"column":8},"end":{"line":38,"column":9}},{"start":{},"end":{}}],"line":36}},"s":{"0":4,"1":2,"2":1,"3":3,"4":2,"5":0,"6":0,"7":2,"8":1,"9":2,"10":1,"11":0,"12":0,"13":2,"14":1,"15":0,"16":4},"f":{"0":2,"1":3,"2":0,"3":2,"4":2,"5":0,"6":2},"b":{"0":[2,0],"1":[0,0],"2":[0,1]},"_coverageSchema":"1a1c01bbd47fc00a2c39e90264f33305004495a9","hash":"7823561e2af30a5a5dae43cd764dc8db98b03cb9"}
,"C:\\Users\\Ziga\\Desktop\\NUKI\\web-shop\\main\\web-shop\\server\\routes\\authRoutes.js": {"path":"C:\\Users\\Ziga\\Desktop\\NUKI\\web-shop\\main\\web-shop\\server\\routes\\authRoutes.js","statementMap":{"0":{"start":{"line":1,"column":16},"end":{"line":1,"column":34}},"1":{"start":{"line":2,"column":15},"end":{"line":2,"column":31}},"2":{"start":{"line":3,"column":15},"end":{"line":3,"column":34}},"3":{"start":{"line":4,"column":12},"end":{"line":4,"column":35}},"4":{"start":{"line":5,"column":13},"end":{"line":5,"column":38}},"5":{"start":{"line":6,"column":39},"end":{"line":6,"column":50}},"6":{"start":{"line":8,"column":0},"end":{"line":28,"column":3}},"7":{"start":{"line":9,"column":38},"end":{"line":9,"column":46}},"8":{"start":{"line":10,"column":4},"end":{"line":12,"column":5}},"9":{"start":{"line":11,"column":8},"end":{"line":11,"column":86}},"10":{"start":{"line":14,"column":4},"end":{"line":27,"column":5}},"11":{"start":{"line":15,"column":26},"end":{"line":15,"column":55}},"12":{"start":{"line":16,"column":8},"end":{"line":18,"column":9}},"13":{"start":{"line":17,"column":12},"end":{"line":17,"column":91}},"14":{"start":{"line":20,"column":31},"end":{"line":20,"column":62}},"15":{"start":{"line":21,"column":24},"end":{"line":21,"column":65}},"16":{"start":{"line":22,"column":21},"end":{"line":22,"column":47}},"17":{"start":{"line":23,"column":8},"end":{"line":23,"column":59}},"18":{"start":{"line":25,"column":8},"end":{"line":25,"column":47}},"19":{"start":{"line":26,"column":8},"end":{"line":26,"column":75}},"20":{"start":{"line":30,"column":0},"end":{"line":56,"column":3}},"21":{"start":{"line":31,"column":32},"end":{"line":31,"column":40}},"22":{"start":{"line":32,"column":4},"end":{"line":34,"column":5}},"23":{"start":{"line":33,"column":8},"end":{"line":33,"column":82}},"24":{"start":{"line":36,"column":4},"end":{"line":55,"column":5}},"25":{"start":{"line":37,"column":26},"end":{"line":37,"column":55}},"26":{"start":{"line":38,"column":8},"end":{"line":40,"column":9}},"27":{"start":{"line":39,"column":12},"end":{"line":39,"column":81}},"28":{"start":{"line":42,"column":24},"end":{"line":42,"column":74}},"29":{"start":{"line":43,"column":8},"end":{"line":51,"column":9}},"30":{"start":{"line":44,"column":26},"end":{"line":46,"column":14}},"31":{"start":{"line":47,"column":38},"end":{"line":47,"column":47}},"32":{"start":{"line":48,"column":12},"end":{"line":48,"column":92}},"33":{"start":{"line":50,"column":12},"end":{"line":50,"column":74}},"34":{"start":{"line":53,"column":8},"end":{"line":53,"column":47}},"35":{"start":{"line":54,"column":8},"end":{"line":54,"column":75}},"36":{"start":{"line":58,"column":0},"end":{"line":58,"column":24}}},"fnMap":{"0":{"name":"(anonymous_0)","decl":{"start":{"line":8,"column":23},"end":{"line":8,"column":24}},"loc":{"start":{"line":8,"column":43},"end":{"line":28,"column":1}},"line":8},"1":{"name":"(anonymous_1)","decl":{"start":{"line":30,"column":23},"end":{"line":30,"column":24}},"loc":{"start":{"line":30,"column":43},"end":{"line":56,"column":1}},"line":30}},"branchMap":{"0":{"loc":{"start":{"line":10,"column":4},"end":{"line":12,"column":5}},"type":"if","locations":[{"start":{"line":10,"column":4},"end":{"line":12,"column":5}},{"start":{},"end":{}}],"line":10},"1":{"loc":{"start":{"line":10,"column":8},"end":{"line":10,"column":36}},"type":"binary-expr","locations":[{"start":{"line":10,"column":8},"end":{"line":10,"column":13}},{"start":{"line":10,"column":17},"end":{"line":10,"column":23}},{"start":{"line":10,"column":27},"end":{"line":10,"column":36}}],"line":10},"2":{"loc":{"start":{"line":16,"column":8},"end":{"line":18,"column":9}},"type":"if","locations":[{"start":{"line":16,"column":8},"end":{"line":18,"column":9}},{"start":{},"end":{}}],"line":16},"3":{"loc":{"start":{"line":32,"column":4},"end":{"line":34,"column":5}},"type":"if","locations":[{"start":{"line":32,"column":4},"end":{"line":34,"column":5}},{"start":{},"end":{}}],"line":32},"4":{"loc":{"start":{"line":32,"column":8},"end":{"line":32,"column":27}},"type":"binary-expr","locations":[{"start":{"line":32,"column":8},"end":{"line":32,"column":14}},{"start":{"line":32,"column":18},"end":{"line":32,"column":27}}],"line":32},"5":{"loc":{"start":{"line":38,"column":8},"end":{"line":40,"column":9}},"type":"if","locations":[{"start":{"line":38,"column":8},"end":{"line":40,"column":9}},{"start":{},"end":{}}],"line":38},"6":{"loc":{"start":{"line":43,"column":8},"end":{"line":51,"column":9}},"type":"if","locations":[{"start":{"line":43,"column":8},"end":{"line":51,"column":9}},{"start":{"line":49,"column":15},"end":{"line":51,"column":9}}],"line":43}},"s":{"0":2,"1":2,"2":2,"3":2,"4":2,"5":2,"6":2,"7":3,"8":3,"9":1,"10":2,"11":2,"12":2,"13":1,"14":1,"15":1,"16":1,"17":1,"18":0,"19":0,"20":2,"21":4,"22":4,"23":1,"24":3,"25":3,"26":2,"27":1,"28":1,"29":1,"30":1,"31":1,"32":1,"33":0,"34":1,"35":1,"36":2},"f":{"0":3,"1":4},"b":{"0":[1,2],"1":[3,3,3],"2":[1,1],"3":[1,3],"4":[4,3],"5":[1,1],"6":[1,0]},"_coverageSchema":"1a1c01bbd47fc00a2c39e90264f33305004495a9","hash":"e9abc90a8d339080d8b2bd9b360f347e5f21eea6"}
,"C:\\Users\\Ziga\\Desktop\\NUKI\\web-shop\\main\\web-shop\\server\\routes\\cartRoutes.js": {"path":"C:\\Users\\Ziga\\Desktop\\NUKI\\web-shop\\main\\web-shop\\server\\routes\\cartRoutes.js","statementMap":{"0":{"start":{"line":1,"column":16},"end":{"line":1,"column":34}},"1":{"start":{"line":2,"column":23},"end":{"line":2,"column":63}},"2":{"start":{"line":3,"column":21},"end":{"line":3,"column":58}},"3":{"start":{"line":4,"column":15},"end":{"line":4,"column":31}},"4":{"start":{"line":6,"column":0},"end":{"line":6,"column":64}},"5":{"start":{"line":7,"column":0},"end":{"line":7,"column":59}},"6":{"start":{"line":8,"column":0},"end":{"line":8,"column":67}},"7":{"start":{"line":9,"column":0},"end":{"line":9,"column":70}},"8":{"start":{"line":11,"column":0},"end":{"line":11,"column":24}}},"fnMap":{},"branchMap":{},"s":{"0":1,"1":1,"2":1,"3":1,"4":1,"5":1,"6":1,"7":1,"8":1},"f":{},"b":{},"_coverageSchema":"1a1c01bbd47fc00a2c39e90264f33305004495a9","hash":"667c6a5449b94c1c0526ec8430be80892fe81a07"}
,"C:\\Users\\Ziga\\Desktop\\NUKI\\web-shop\\main\\web-shop\\server\\routes\\productRoutes.js": {"path":"C:\\Users\\Ziga\\Desktop\\NUKI\\web-shop\\main\\web-shop\\server\\routes\\productRoutes.js","statementMap":{"0":{"start":{"line":1,"column":16},"end":{"line":1,"column":34}},"1":{"start":{"line":2,"column":15},"end":{"line":2,"column":31}},"2":{"start":{"line":3,"column":26},"end":{"line":3,"column":69}},"3":{"start":{"line":4,"column":21},"end":{"line":4,"column":58}},"4":{"start":{"line":5,"column":21},"end":{"line":5,"column":58}},"5":{"start":{"line":7,"column":0},"end":{"line":7,"column":50}},"6":{"start":{"line":8,"column":0},"end":{"line":8,"column":53}},"7":{"start":{"line":9,"column":0},"end":{"line":9,"column":78}},"8":{"start":{"line":10,"column":0},"end":{"line":10,"column":80}},"9":{"start":{"line":11,"column":0},"end":{"line":11,"column":83}},"10":{"start":{"line":13,"column":0},"end":{"line":13,"column":24}}},"fnMap":{},"branchMap":{},"s":{"0":1,"1":1,"2":1,"3":1,"4":1,"5":1,"6":1,"7":1,"8":1,"9":1,"10":1},"f":{},"b":{},"_coverageSchema":"1a1c01bbd47fc00a2c39e90264f33305004495a9","hash":"db7800405722d97a769b275f77785c9969df8324"}
,"C:\\Users\\Ziga\\Desktop\\NUKI\\web-shop\\main\\web-shop\\server\\routes\\userRoutes.js": {"path":"C:\\Users\\Ziga\\Desktop\\NUKI\\web-shop\\main\\web-shop\\server\\routes\\userRoutes.js","statementMap":{"0":{"start":{"line":1,"column":16},"end":{"line":1,"column":34}},"1":{"start":{"line":2,"column":23},"end":{"line":2,"column":63}},"2":{"start":{"line":3,"column":21},"end":{"line":3,"column":58}},"3":{"start":{"line":4,"column":21},"end":{"line":4,"column":58}},"4":{"start":{"line":5,"column":15},"end":{"line":5,"column":31}},"5":{"start":{"line":8,"column":0},"end":{"line":8,"column":64}},"6":{"start":{"line":9,"column":0},"end":{"line":9,"column":73}},"7":{"start":{"line":10,"column":0},"end":{"line":10,"column":76}},"8":{"start":{"line":13,"column":0},"end":{"line":13,"column":72}},"9":{"start":{"line":14,"column":0},"end":{"line":14,"column":72}},"10":{"start":{"line":15,"column":0},"end":{"line":15,"column":75}},"11":{"start":{"line":16,"column":0},"end":{"line":16,"column":74}},"12":{"start":{"line":17,"column":0},"end":{"line":17,"column":77}},"13":{"start":{"line":20,"column":0},"end":{"line":20,"column":24}}},"fnMap":{},"branchMap":{},"s":{"0":1,"1":1,"2":1,"3":1,"4":1,"5":1,"6":1,"7":1,"8":1,"9":1,"10":1,"11":1,"12":1,"13":1},"f":{},"b":{},"_coverageSchema":"1a1c01bbd47fc00a2c39e90264f33305004495a9","hash":"ab51fa2f2b133b79dde91acef202d1bf5b43de9d"}
}
