TN:
SF:controllers\cartController.js
FN:3,(anonymous_0)
FN:15,(anonymous_1)
FN:25,(anonymous_2)
FN:36,(anonymous_3)
FNF:4
FNH:4
FNDA:4,(anonymous_0)
FNDA:4,(anonymous_1)
FNDA:4,(anonymous_2)
FNDA:5,(anonymous_3)
DA:1,2
DA:3,2
DA:4,4
DA:5,4
DA:6,4
DA:8,4
DA:9,2
DA:11,2
DA:15,2
DA:16,4
DA:17,4
DA:18,4
DA:19,2
DA:21,2
DA:25,2
DA:26,4
DA:27,4
DA:28,4
DA:29,4
DA:30,2
DA:32,2
DA:36,2
DA:37,5
DA:38,5
DA:39,5
DA:40,5
DA:41,2
DA:43,3
LF:28
LH:28
BRDA:5,0,0,0
BRDA:11,1,0,2
BRDA:11,1,1,0
BRDA:21,2,0,2
BRDA:21,2,1,0
BRDA:32,3,0,2
BRDA:32,3,1,0
BRDA:43,4,0,3
BRDA:43,4,1,0
BRF:9
BRH:4
end_of_record
TN:
SF:controllers\productController.js
FN:3,(anonymous_0)
FN:14,(anonymous_1)
FN:26,(anonymous_2)
FN:37,(anonymous_3)
FN:57,(anonymous_4)
FNF:5
FNH:5
FNDA:2,(anonymous_0)
FNDA:3,(anonymous_1)
FNDA:2,(anonymous_2)
FNDA:3,(anonymous_3)
FNDA:2,(anonymous_4)
DA:1,2
DA:3,2
DA:4,2
DA:5,2
DA:6,1
DA:8,1
DA:14,2
DA:15,3
DA:16,3
DA:17,2
DA:18,1
DA:20,1
DA:26,2
DA:27,2
DA:28,2
DA:29,1
DA:31,1
DA:37,2
DA:38,3
DA:40,3
DA:41,1
DA:44,2
DA:45,2
DA:46,1
DA:47,1
DA:49,1
DA:50,1
DA:52,0
DA:57,2
DA:58,2
DA:59,2
DA:60,1
DA:62,1
LF:33
LH:32
BRDA:9,0,0,1
BRDA:9,0,1,0
BRDA:17,1,0,1
BRDA:17,1,1,1
BRDA:32,2,0,1
BRDA:32,2,1,0
BRDA:40,3,0,1
BRDA:40,3,1,2
BRDA:40,4,0,3
BRDA:40,4,1,2
BRDA:40,4,2,2
BRDA:49,5,0,1
BRDA:49,5,1,0
BRDA:52,6,0,0
BRDA:52,6,1,0
BRF:15
BRH:10
end_of_record
TN:
SF:controllers\userController.js
FN:4,(anonymous_0)
FN:15,(anonymous_1)
FN:27,(anonymous_2)
FN:41,(anonymous_3)
FN:76,(anonymous_4)
FN:99,(anonymous_5)
FN:122,(anonymous_6)
FN:133,(anonymous_7)
FNF:8
FNH:8
FNDA:2,(anonymous_0)
FNDA:4,(anonymous_1)
FNDA:3,(anonymous_2)
FNDA:2,(anonymous_3)
FNDA:4,(anonymous_4)
FNDA:3,(anonymous_5)
FNDA:2,(anonymous_6)
FNDA:2,(anonymous_7)
DA:1,2
DA:2,2
DA:4,2
DA:5,2
DA:6,2
DA:7,1
DA:9,1
DA:15,2
DA:16,4
DA:17,4
DA:18,3
DA:19,2
DA:21,1
DA:27,2
DA:28,3
DA:29,3
DA:30,2
DA:31,1
DA:33,1
DA:35,1
DA:41,2
DA:42,2
DA:43,0
DA:46,2
DA:47,2
DA:48,1
DA:50,1
DA:76,2
DA:77,4
DA:78,1
DA:81,3
DA:82,0
DA:85,3
DA:86,3
DA:87,2
DA:88,2
DA:90,1
DA:91,1
DA:93,0
DA:99,2
DA:100,3
DA:101,3
DA:102,1
DA:105,2
DA:106,2
DA:107,1
DA:109,1
DA:111,1
DA:112,0
DA:114,1
DA:122,2
DA:123,2
DA:124,2
DA:125,1
DA:127,1
DA:133,2
DA:134,2
DA:135,2
DA:136,1
DA:138,1
LF:60
LH:56
BRDA:10,0,0,1
BRDA:10,0,1,0
BRDA:18,1,0,1
BRDA:18,1,1,2
BRDA:30,2,0,1
BRDA:30,2,1,1
BRDA:42,3,0,0
BRDA:42,3,1,2
BRDA:51,4,0,1
BRDA:51,4,1,0
BRDA:77,5,0,1
BRDA:77,5,1,3
BRDA:77,6,0,4
BRDA:77,6,1,3
BRDA:81,7,0,0
BRDA:81,7,1,3
BRDA:90,8,0,1
BRDA:90,8,1,0
BRDA:93,9,0,0
BRDA:93,9,1,0
BRDA:101,10,0,1
BRDA:101,10,1,2
BRDA:111,11,0,0
BRDA:111,11,1,1
BRF:24
BRH:16
end_of_record
TN:
SF:middleware\requireAdmin.js
FN:5,(anonymous_0)
FNF:1
FNH:1
FNDA:3,(anonymous_0)
DA:1,1
DA:2,1
DA:3,1
DA:5,1
DA:6,3
DA:7,3
DA:8,1
DA:10,2
DA:11,2
DA:12,2
DA:13,2
DA:14,2
DA:15,1
DA:17,1
DA:18,1
DA:20,0
DA:24,1
LF:17
LH:16
BRDA:7,0,0,1
BRDA:7,0,1,2
BRDA:14,1,0,1
BRDA:14,1,1,1
BRDA:14,2,0,2
BRDA:14,2,1,2
BRF:6
BRH:6
end_of_record
TN:
SF:middleware\requireLogin.js
FN:5,(anonymous_0)
FNF:1
FNH:1
FNDA:4,(anonymous_0)
DA:1,1
DA:2,1
DA:3,1
DA:5,1
DA:6,4
DA:7,4
DA:8,1
DA:11,3
DA:12,3
DA:13,3
DA:14,2
DA:15,2
DA:16,1
DA:18,1
DA:19,1
DA:21,1
DA:25,1
LF:17
LH:17
BRDA:7,0,0,1
BRDA:7,0,1,3
BRDA:15,1,0,1
BRDA:15,1,1,1
BRF:4
BRH:4
end_of_record
TN:
SF:models\CartItem.js
FN:4,(anonymous_0)
FN:16,(anonymous_1)
FN:28,(anonymous_2)
FN:33,(anonymous_3)
FNF:4
FNH:4
FNDA:2,(anonymous_0)
FNDA:1,(anonymous_1)
FNDA:1,(anonymous_2)
FNDA:2,(anonymous_3)
DA:1,3
DA:5,2
DA:6,2
DA:7,1
DA:8,1
DA:9,1
DA:11,1
DA:12,1
DA:17,1
DA:24,1
DA:25,1
DA:29,1
DA:30,1
DA:34,2
DA:35,2
DA:36,1
DA:42,3
LF:17
LH:17
BRDA:4,0,0,0
BRDA:6,1,0,1
BRDA:6,1,1,1
BRDA:35,2,0,1
BRDA:35,2,1,1
BRF:5
BRH:4
end_of_record
TN:
SF:models\Product.js
FN:4,(anonymous_0)
FN:9,(anonymous_1)
FN:14,(anonymous_2)
FN:19,(anonymous_3)
FN:24,(anonymous_4)
FNF:5
FNH:5
FNDA:2,(anonymous_0)
FNDA:3,(anonymous_1)
FNDA:2,(anonymous_2)
FNDA:2,(anonymous_3)
FNDA:2,(anonymous_4)
DA:1,3
DA:5,2
DA:6,1
DA:10,3
DA:11,2
DA:15,2
DA:16,1
DA:20,2
DA:21,1
DA:25,2
DA:26,1
DA:27,0
DA:32,3
LF:13
LH:12
BRDA:11,0,0,2
BRDA:11,0,1,0
BRDA:26,1,0,0
BRDA:26,1,1,1
BRF:4
BRH:2
end_of_record
TN:
SF:models\User.js
FN:4,(anonymous_0)
FN:9,(anonymous_1)
FN:14,(anonymous_2)
FN:19,(anonymous_3)
FN:24,(anonymous_4)
FN:29,(anonymous_5)
FN:34,(anonymous_6)
FNF:7
FNH:5
FNDA:2,(anonymous_0)
FNDA:3,(anonymous_1)
FNDA:0,(anonymous_2)
FNDA:2,(anonymous_3)
FNDA:2,(anonymous_4)
FNDA:0,(anonymous_5)
FNDA:2,(anonymous_6)
DA:1,4
DA:5,2
DA:6,1
DA:10,3
DA:11,2
DA:15,0
DA:16,0
DA:20,2
DA:21,1
DA:25,2
DA:26,1
DA:30,0
DA:31,0
DA:35,2
DA:36,1
DA:37,0
DA:42,4
LF:17
LH:12
BRDA:11,0,0,2
BRDA:11,0,1,0
BRDA:16,1,0,0
BRDA:16,1,1,0
BRDA:36,2,0,0
BRDA:36,2,1,1
BRF:6
BRH:2
end_of_record
TN:
SF:routes\authRoutes.js
FN:8,(anonymous_0)
FN:30,(anonymous_1)
FNF:2
FNH:2
FNDA:3,(anonymous_0)
FNDA:4,(anonymous_1)
DA:1,2
DA:2,2
DA:3,2
DA:4,2
DA:5,2
DA:6,2
DA:8,2
DA:9,3
DA:10,3
DA:11,1
DA:14,2
DA:15,2
DA:16,2
DA:17,1
DA:20,1
DA:21,1
DA:22,1
DA:23,1
DA:25,0
DA:26,0
DA:30,2
DA:31,4
DA:32,4
DA:33,1
DA:36,3
DA:37,3
DA:38,2
DA:39,1
DA:42,1
DA:43,1
DA:44,1
DA:47,1
DA:48,1
DA:50,0
DA:53,1
DA:54,1
DA:58,2
LF:37
LH:34
BRDA:10,0,0,1
BRDA:10,0,1,2
BRDA:10,1,0,3
BRDA:10,1,1,3
BRDA:10,1,2,3
BRDA:16,2,0,1
BRDA:16,2,1,1
BRDA:32,3,0,1
BRDA:32,3,1,3
BRDA:32,4,0,4
BRDA:32,4,1,3
BRDA:38,5,0,1
BRDA:38,5,1,1
BRDA:43,6,0,1
BRDA:43,6,1,0
BRF:15
BRH:14
end_of_record
TN:
SF:routes\cartRoutes.js
FNF:0
FNH:0
DA:1,1
DA:2,1
DA:3,1
DA:4,1
DA:6,1
DA:7,1
DA:8,1
DA:9,1
DA:11,1
LF:9
LH:9
BRF:0
BRH:0
end_of_record
TN:
SF:routes\productRoutes.js
FNF:0
FNH:0
DA:1,1
DA:2,1
DA:3,1
DA:4,1
DA:5,1
DA:7,1
DA:8,1
DA:9,1
DA:10,1
DA:11,1
DA:13,1
LF:11
LH:11
BRF:0
BRH:0
end_of_record
TN:
SF:routes\userRoutes.js
FNF:0
FNH:0
DA:1,1
DA:2,1
DA:3,1
DA:4,1
DA:5,1
DA:8,1
DA:9,1
DA:10,1
DA:13,1
DA:14,1
DA:15,1
DA:16,1
DA:17,1
DA:20,1
LF:14
LH:14
BRF:0
BRH:0
end_of_record
